# nnet3-latgen-faster --online-ivectors=scp:exp/nnet3/ivectors_dev_eval_asr/ivector_online.scp --online-ivector-period=10 --frame-subsampling-factor=3 --frames-per-chunk=50 --extra-left-context=0 --extra-right-context=0 --extra-left-context-initial=-1 --extra-right-context-final=-1 --minimize=false --max-active=7000 --min-active=200 --beam=15.0 --lattice-beam=8.0 --acoustic-scale=1.0 --allow-partial=true --word-symbol-table=exp/chain/tdnn_7b/graph/words.txt exp/chain/tdnn_7b/final.mdl exp/chain/tdnn_7b/graph/HCLG.fst "ark,s,cs:apply-cmvn --norm-means=false --norm-vars=false --utt2spk=ark:data/dev_eval_asr/split1/1/utt2spk scp:data/dev_eval_asr/split1/1/cmvn.scp scp:data/dev_eval_asr/split1/1/feats.scp ark:- |" "ark:|lattice-scale --acoustic-scale=10.0 ark:- ark:- | gzip -c >exp/chain/tdnn_7b/decode_dev_eval_asr/lat.1.gz" 
# Started at Wed Sep  2 09:46:46 IST 2020
#
nnet3-latgen-faster --online-ivectors=scp:exp/nnet3/ivectors_dev_eval_asr/ivector_online.scp --online-ivector-period=10 --frame-subsampling-factor=3 --frames-per-chunk=50 --extra-left-context=0 --extra-right-context=0 --extra-left-context-initial=-1 --extra-right-context-final=-1 --minimize=false --max-active=7000 --min-active=200 --beam=15.0 --lattice-beam=8.0 --acoustic-scale=1.0 --allow-partial=true --word-symbol-table=exp/chain/tdnn_7b/graph/words.txt exp/chain/tdnn_7b/final.mdl exp/chain/tdnn_7b/graph/HCLG.fst 'ark,s,cs:apply-cmvn --norm-means=false --norm-vars=false --utt2spk=ark:data/dev_eval_asr/split1/1/utt2spk scp:data/dev_eval_asr/split1/1/cmvn.scp scp:data/dev_eval_asr/split1/1/feats.scp ark:- |' 'ark:|lattice-scale --acoustic-scale=10.0 ark:- ark:- | gzip -c >exp/chain/tdnn_7b/decode_dev_eval_asr/lat.1.gz' 
LOG (nnet3-latgen-faster[5.5.634~1480-7a50]:RemoveOrphanNodes():nnet-nnet.cc:948) Removed 1 orphan nodes.
LOG (nnet3-latgen-faster[5.5.634~1480-7a50]:RemoveOrphanComponents():nnet-nnet.cc:847) Removing 2 orphan components.
LOG (nnet3-latgen-faster[5.5.634~1480-7a50]:Collapse():nnet-utils.cc:1472) Added 1 components, removed 2
lattice-scale --acoustic-scale=10.0 ark:- ark:- 
apply-cmvn --norm-means=false --norm-vars=false --utt2spk=ark:data/dev_eval_asr/split1/1/utt2spk scp:data/dev_eval_asr/split1/1/cmvn.scp scp:data/dev_eval_asr/split1/1/feats.scp ark:- 
LOG (apply-cmvn[5.5.634~1480-7a50]:main():apply-cmvn.cc:81) Copied 1 utterances.
LOG (nnet3-latgen-faster[5.5.634~1480-7a50]:CheckAndFixConfigs():nnet-am-decodable-simple.cc:294) Increasing --frames-per-chunk from 50 to 51 to make it a multiple of --frame-subsampling-factor=3
S15_mvdr_ta carsten can got any of you lack of time me things up by sturgeons hierarchy i actually i do yup just if i have to when can everyone mail me absolutely all documentation www guide and the info note on the moo to that's it i don't have the guide on ftp happened to myself which takes another day to download ok i will send you what i can reach today what about www can you read the mosaic josephs doc carsten curses his predicament i will not be much around for to three months on that me raw html i can be an ftp be done be you have www if so i can mail you the addresses of the important documents if not then i can mail you the docs themselves html markup language guide up the got the www is explained in ghouls stuff i'll email the important docs at my know lots draft for all me ok by water list by the way together full except for the suggestions for courses which were interesting things up the water all the faq of the maybe back to the list for the ok let me see if i all the projects straight i will any of this meeting got of this announce meetings and get consultants list working again get global village up for teaching programming class need back the curriculum stuff for ftp joseph and water carsten curses with what other info i have laying around forget to update the www page ok i just off is i should be you for courses that me as a role lots of the were you should mark the other two c plus list by the with for work without very can be found through related newsgroups no interaction without them i mean for now ok lots of stuff for the off guys keep up the good work especially to joseph will give old i'll village will good i think we can things and due for the classes and use as a backup explain interlude you problems with using global village to switch i full the to talk with so and decide for yourself where to i will list by i already got a programmers he seems to thing to get a better basis for the do moo communications i will back to comment on that i have the best to the question on the list and see what consensus emerges with main honcho trauma gustavo here or the gna a very actually i look forward to the comments on the after the weekend then for the meeting 
LOG (nnet3-latgen-faster[5.5.634~1480-7a50]:RebuildRepository():determinize-lattice-pruned.cc:287) Rebuilding repository.
LOG (nnet3-latgen-faster[5.5.634~1480-7a50]:RebuildRepository():determinize-lattice-pruned.cc:287) Rebuilding repository.
WARNING (nnet3-latgen-faster[5.5.634~1480-7a50]:CheckMemoryUsage():determinize-lattice-pruned.cc:320) Did not reach requested beam in determinize-lattice: size exceeds maximum 50000000 bytes; (repo,arcs,elems) = (33992032,449408,15593664), after rebuilding, repo size was 28200800, effective beam was 3.25782 vs. requested beam 8
WARNING (nnet3-latgen-faster[5.5.634~1480-7a50]:DeterminizeLatticePruned():determinize-lattice-pruned.cc:1284) Effective beam 3.25782 was less than beam 8 * cutoff 0.5, pruning raw lattice with new beam 5.10515 and retrying.
LOG (nnet3-latgen-faster[5.5.634~1480-7a50]:DecodeUtteranceLatticeFaster():decoder-wrappers.cc:375) Log-like per frame for utterance S15_mvdr_ta is 1.04803 over 10530 frames.
LOG (nnet3-latgen-faster[5.5.634~1480-7a50]:main():nnet3-latgen-faster.cc:256) Time taken 127.258s: real-time factor assuming 100 frames/sec is 0.402843
LOG (nnet3-latgen-faster[5.5.634~1480-7a50]:main():nnet3-latgen-faster.cc:259) Done 1 utterances, failed for 0
LOG (nnet3-latgen-faster[5.5.634~1480-7a50]:main():nnet3-latgen-faster.cc:261) Overall log-likelihood per frame is 1.04803 over 10530 frames.
LOG (nnet3-latgen-faster[5.5.634~1480-7a50]:~CachingOptimizingCompiler():nnet-optimize.cc:710) 0.00833 seconds taken in nnet3 compilation total (breakdown: 0.0037 compilation, 0.00186 optimization, 0 shortcut expansion, 0.000388 checking, 2.29e-05 computing indexes, 0.00235 misc.) + 0 I/O.
LOG (lattice-scale[5.5.634~1480-7a50]:main():lattice-scale.cc:107) Done 1 lattices.
# Accounting: time=127 threads=1
# Ended (code 0) at Wed Sep  2 09:48:53 IST 2020, elapsed time 127 seconds
