# nnet3-latgen-faster --online-ivectors=scp:exp/nnet3/ivectors_dev_eval_asr/ivector_online.scp --online-ivector-period=10 --frame-subsampling-factor=3 --frames-per-chunk=50 --extra-left-context=0 --extra-right-context=0 --extra-left-context-initial=-1 --extra-right-context-final=-1 --minimize=false --max-active=7000 --min-active=200 --beam=15.0 --lattice-beam=8.0 --acoustic-scale=1.0 --allow-partial=true --word-symbol-table=exp/chain/tdnn_7b/graph/words.txt exp/chain/tdnn_7b/final.mdl exp/chain/tdnn_7b/graph/HCLG.fst "ark,s,cs:apply-cmvn --norm-means=false --norm-vars=false --utt2spk=ark:data/dev_eval_asr/split1/1/utt2spk scp:data/dev_eval_asr/split1/1/cmvn.scp scp:data/dev_eval_asr/split1/1/feats.scp ark:- |" "ark:|lattice-scale --acoustic-scale=10.0 ark:- ark:- | gzip -c >exp/chain/tdnn_7b/decode_dev_eval_asr/lat.1.gz" 
# Started at Wed Sep  2 08:58:41 IST 2020
#
nnet3-latgen-faster --online-ivectors=scp:exp/nnet3/ivectors_dev_eval_asr/ivector_online.scp --online-ivector-period=10 --frame-subsampling-factor=3 --frames-per-chunk=50 --extra-left-context=0 --extra-right-context=0 --extra-left-context-initial=-1 --extra-right-context-final=-1 --minimize=false --max-active=7000 --min-active=200 --beam=15.0 --lattice-beam=8.0 --acoustic-scale=1.0 --allow-partial=true --word-symbol-table=exp/chain/tdnn_7b/graph/words.txt exp/chain/tdnn_7b/final.mdl exp/chain/tdnn_7b/graph/HCLG.fst 'ark,s,cs:apply-cmvn --norm-means=false --norm-vars=false --utt2spk=ark:data/dev_eval_asr/split1/1/utt2spk scp:data/dev_eval_asr/split1/1/cmvn.scp scp:data/dev_eval_asr/split1/1/feats.scp ark:- |' 'ark:|lattice-scale --acoustic-scale=10.0 ark:- ark:- | gzip -c >exp/chain/tdnn_7b/decode_dev_eval_asr/lat.1.gz' 
LOG (nnet3-latgen-faster[5.5.634~1480-7a50]:RemoveOrphanNodes():nnet-nnet.cc:948) Removed 1 orphan nodes.
LOG (nnet3-latgen-faster[5.5.634~1480-7a50]:RemoveOrphanComponents():nnet-nnet.cc:847) Removing 2 orphan components.
LOG (nnet3-latgen-faster[5.5.634~1480-7a50]:Collapse():nnet-utils.cc:1472) Added 1 components, removed 2
lattice-scale --acoustic-scale=10.0 ark:- ark:- 
apply-cmvn --norm-means=false --norm-vars=false --utt2spk=ark:data/dev_eval_asr/split1/1/utt2spk scp:data/dev_eval_asr/split1/1/cmvn.scp scp:data/dev_eval_asr/split1/1/feats.scp ark:- 
LOG (apply-cmvn[5.5.634~1480-7a50]:main():apply-cmvn.cc:81) Copied 1 utterances.
LOG (nnet3-latgen-faster[5.5.634~1480-7a50]:CheckAndFixConfigs():nnet-am-decodable-simple.cc:294) Increasing --frames-per-chunk from 50 to 51 to make it a multiple of --frame-subsampling-factor=3
S01_ch1 modern notation makes mathematics much often find it don't fact that mathematical ideas are both more abstract and more encrypted than those of natural language where people can often equate a word such as cow with the physical object it corresponds to mathematical symbols are abstract lacking any no meaning a thing in order number of moreover mathematical language can be one of the because common terms such as or and only have more precise meanings than in everyday speech and other common terms such as open and field refer to specific mathematical ideas not make it is in this sense the term modern physics means up to date physics in this sense a significant portion of so called a more than however since roughly eighteen nineteen new discoveries have caused significant paradigm shifts the advent of quantum mechanics and all physics that incorporates elements of either on and or both is said to be modern physics is in this latter sense that the term is generally modern physics is often encountered when dealing with extreme conditions quantum mechanical effects tend to appear when dealing with lows low and asia by the way it to appear when dealing with highs high will not the meeting being classical for example when analyzing the year of a gas at room temperature most phenomena will involve the classical maxwell war mainly evolution at all in order we are gas and the modern on and will find last year analyzing the modern description at noon not when doing so the result is called the classical limit all all all your all all all all all all all us 
LOG (nnet3-latgen-faster[5.5.634~1480-7a50]:RebuildRepository():determinize-lattice-pruned.cc:287) Rebuilding repository.
WARNING (nnet3-latgen-faster[5.5.634~1480-7a50]:CheckMemoryUsage():determinize-lattice-pruned.cc:320) Did not reach requested beam in determinize-lattice: size exceeds maximum 50000000 bytes; (repo,arcs,elems) = (35643232,113920,14813088), after rebuilding, repo size was 27222304, effective beam was 1.42922 vs. requested beam 8
WARNING (nnet3-latgen-faster[5.5.634~1480-7a50]:DeterminizeLatticePruned():determinize-lattice-pruned.cc:1284) Effective beam 1.42922 was less than beam 8 * cutoff 0.5, pruning raw lattice with new beam 4 and retrying.
LOG (nnet3-latgen-faster[5.5.634~1480-7a50]:DecodeUtteranceLatticeFaster():decoder-wrappers.cc:375) Log-like per frame for utterance S01_ch1 is 1.00516 over 9504 frames.
LOG (nnet3-latgen-faster[5.5.634~1480-7a50]:main():nnet3-latgen-faster.cc:256) Time taken 1208.8s: real-time factor assuming 100 frames/sec is 4.23963
LOG (nnet3-latgen-faster[5.5.634~1480-7a50]:main():nnet3-latgen-faster.cc:259) Done 1 utterances, failed for 0
LOG (nnet3-latgen-faster[5.5.634~1480-7a50]:main():nnet3-latgen-faster.cc:261) Overall log-likelihood per frame is 1.00516 over 9504 frames.
LOG (nnet3-latgen-faster[5.5.634~1480-7a50]:~CachingOptimizingCompiler():nnet-optimize.cc:710) 0.021 seconds taken in nnet3 compilation total (breakdown: 0.00443 compilation, 0.00268 optimization, 0 shortcut expansion, 0.000517 checking, 6.51e-05 computing indexes, 0.0134 misc.) + 0 I/O.
LOG (lattice-scale[5.5.634~1480-7a50]:main():lattice-scale.cc:107) Done 1 lattices.
# Accounting: time=1210 threads=1
# Ended (code 0) at Wed Sep  2 09:18:51 IST 2020, elapsed time 1210 seconds
