# nnet3-latgen-faster --online-ivectors=scp:exp/nnet3/ivectors_dev_eval_asr/ivector_online.scp --online-ivector-period=10 --frame-subsampling-factor=3 --frames-per-chunk=50 --extra-left-context=0 --extra-right-context=0 --extra-left-context-initial=-1 --extra-right-context-final=-1 --minimize=false --max-active=7000 --min-active=200 --beam=15.0 --lattice-beam=8.0 --acoustic-scale=1.0 --allow-partial=true --word-symbol-table=exp/chain/tdnn_7b/graph/words.txt exp/chain/tdnn_7b/final.mdl exp/chain/tdnn_7b/graph/HCLG.fst "ark,s,cs:apply-cmvn --norm-means=false --norm-vars=false --utt2spk=ark:data/dev_eval_asr/split1/1/utt2spk scp:data/dev_eval_asr/split1/1/cmvn.scp scp:data/dev_eval_asr/split1/1/feats.scp ark:- |" "ark:|lattice-scale --acoustic-scale=10.0 ark:- ark:- | gzip -c >exp/chain/tdnn_7b/decode_dev_eval_asr/lat.1.gz" 
# Started at Wed Sep  2 09:50:29 IST 2020
#
nnet3-latgen-faster --online-ivectors=scp:exp/nnet3/ivectors_dev_eval_asr/ivector_online.scp --online-ivector-period=10 --frame-subsampling-factor=3 --frames-per-chunk=50 --extra-left-context=0 --extra-right-context=0 --extra-left-context-initial=-1 --extra-right-context-final=-1 --minimize=false --max-active=7000 --min-active=200 --beam=15.0 --lattice-beam=8.0 --acoustic-scale=1.0 --allow-partial=true --word-symbol-table=exp/chain/tdnn_7b/graph/words.txt exp/chain/tdnn_7b/final.mdl exp/chain/tdnn_7b/graph/HCLG.fst 'ark,s,cs:apply-cmvn --norm-means=false --norm-vars=false --utt2spk=ark:data/dev_eval_asr/split1/1/utt2spk scp:data/dev_eval_asr/split1/1/cmvn.scp scp:data/dev_eval_asr/split1/1/feats.scp ark:- |' 'ark:|lattice-scale --acoustic-scale=10.0 ark:- ark:- | gzip -c >exp/chain/tdnn_7b/decode_dev_eval_asr/lat.1.gz' 
LOG (nnet3-latgen-faster[5.5.634~1480-7a50]:RemoveOrphanNodes():nnet-nnet.cc:948) Removed 1 orphan nodes.
LOG (nnet3-latgen-faster[5.5.634~1480-7a50]:RemoveOrphanComponents():nnet-nnet.cc:847) Removing 2 orphan components.
LOG (nnet3-latgen-faster[5.5.634~1480-7a50]:Collapse():nnet-utils.cc:1472) Added 1 components, removed 2
lattice-scale --acoustic-scale=10.0 ark:- ark:- 
apply-cmvn --norm-means=false --norm-vars=false --utt2spk=ark:data/dev_eval_asr/split1/1/utt2spk scp:data/dev_eval_asr/split1/1/cmvn.scp scp:data/dev_eval_asr/split1/1/feats.scp ark:- 
LOG (apply-cmvn[5.5.634~1480-7a50]:main():apply-cmvn.cc:81) Copied 1 utterances.
LOG (nnet3-latgen-faster[5.5.634~1480-7a50]:CheckAndFixConfigs():nnet-am-decodable-simple.cc:294) Increasing --frames-per-chunk from 50 to 51 to make it a multiple of --frame-subsampling-factor=3
S15_ch1 ok around for you have the info i can mail you the important documents if not then i can mail you the docs at my know by the except for the for this should for courses which were interesting for all the ok see if i announce meetings and get consultants list working again of stuff for ftp joseph and water carsten curses ground with what other info i have look forward to update i stuff for all raw do you should mark the other two c plus list by the with provided without them on to do no interaction without them on ok lots of stuff to off guys especially to joseph and decide for the classes and use as a backup due to do without them i am talk with some and decide for the best thing already got a programmers manual better basis for the do i am back to myself that i think that the best likely to main honcho trauma gustavo on that me writing look forward to the comments on the doc 
LOG (nnet3-latgen-faster[5.5.634~1480-7a50]:RebuildRepository():determinize-lattice-pruned.cc:287) Rebuilding repository.
LOG (nnet3-latgen-faster[5.5.634~1480-7a50]:RebuildRepository():determinize-lattice-pruned.cc:287) Rebuilding repository.
WARNING (nnet3-latgen-faster[5.5.634~1480-7a50]:CheckMemoryUsage():determinize-lattice-pruned.cc:320) Did not reach requested beam in determinize-lattice: size exceeds maximum 50000000 bytes; (repo,arcs,elems) = (36733056,129472,13346832), after rebuilding, repo size was 33327104, effective beam was 1.7827 vs. requested beam 8
WARNING (nnet3-latgen-faster[5.5.634~1480-7a50]:DeterminizeLatticePruned():determinize-lattice-pruned.cc:1284) Effective beam 1.7827 was less than beam 8 * cutoff 0.5, pruning raw lattice with new beam 4 and retrying.
LOG (nnet3-latgen-faster[5.5.634~1480-7a50]:DecodeUtteranceLatticeFaster():decoder-wrappers.cc:375) Log-like per frame for utterance S15_ch1 is 1.1157 over 10530 frames.
LOG (nnet3-latgen-faster[5.5.634~1480-7a50]:main():nnet3-latgen-faster.cc:256) Time taken 136.163s: real-time factor assuming 100 frames/sec is 0.431031
LOG (nnet3-latgen-faster[5.5.634~1480-7a50]:main():nnet3-latgen-faster.cc:259) Done 1 utterances, failed for 0
LOG (nnet3-latgen-faster[5.5.634~1480-7a50]:main():nnet3-latgen-faster.cc:261) Overall log-likelihood per frame is 1.1157 over 10530 frames.
LOG (nnet3-latgen-faster[5.5.634~1480-7a50]:~CachingOptimizingCompiler():nnet-optimize.cc:710) 0.00584 seconds taken in nnet3 compilation total (breakdown: 0.00206 compilation, 0.00141 optimization, 0 shortcut expansion, 0.000289 checking, 1.07e-05 computing indexes, 0.00208 misc.) + 0 I/O.
LOG (lattice-scale[5.5.634~1480-7a50]:main():lattice-scale.cc:107) Done 1 lattices.
# Accounting: time=136 threads=1
# Ended (code 0) at Wed Sep  2 09:52:45 IST 2020, elapsed time 136 seconds
